Namespace(dataset='cora', dropout=0, epochs=200, hidden=64, learning_rate=0.01, max_degree=3, model='gcn', weight_decay=0.0005)
Running with cpu
adj: (19888, 19888)
features: (19888, 512)
y: (19888,) (19888,)
mask: (19888,) (19888,)
x : tensor(indices=tensor([[    0,     0,     0,  ..., 19887, 19887, 19887],
                       [  466,   463,   447,  ...,   158,    34,    32]]),
       values=tensor([0.0045, 0.0506, 0.0258,  ..., 0.0517, 0.0090, 0.0719]),
       size=(19888, 512), nnz=391414, layout=torch.sparse_coo)
sp: tensor(indices=tensor([[    0,     1,     2,  ...,   327,   330, 19887],
                       [    0,     0,     0,  ..., 19887, 19887, 19887]]),
       values=tensor([0.2000, 0.2582, 0.1026,  ..., 0.0313, 0.0306, 0.3333]),
       size=(19888, 19888), nnz=766356, layout=torch.sparse_coo)
input dim: 512
output dim: 8
num_features_nonzero: 391414
0 20.101943969726562 0.15805132019338045
10 16.23627281188965 0.6188174042394943
20 13.480602264404297 0.7913722573447378
30 11.142559051513672 0.83674228337672
40 9.394979476928711 0.9111193752324284
50 8.011488914489746 0.9367794719226479
60 6.845361709594727 0.9490516920788398
70 5.952304363250732 0.9628114540721457
80 5.0872697830200195 0.9706210487169952
90 4.455871105194092 0.9761993306061733
100 3.8890082836151123 0.9761993306061733
110 3.395968437194824 0.9747117887690592
120 2.983009099960327 0.9776868724432874
130 2.6037983894348145 0.9761993306061733
140 2.2675561904907227 0.9743399033097806
150 2.043499231338501 0.9747117887690592
160 1.793700933456421 0.9758274451468948
170 1.584844708442688 0.9769431015247304
180 1.4385795593261719 0.973968017850502
190 1.252703309059143 0.9750836742283376
200 1.1569223403930664 0.9773149869840089
210 1.0389840602874756 0.973968017850502
220 0.90772545337677 0.9758274451468948
230 0.8684977293014526 0.9765712160654518
240 0.7647400498390198 0.9769431015247304
250 0.7131597399711609 0.9769431015247304
260 0.675426721572876 0.978058757902566
