mkdir: cannot create directory ‘out/’: File exists
mkdir: cannot create directory ‘single_contig/’: File exists
mkdir: cannot create directory ‘all_proteins/’: File exists
.................................................. 1M
.................................................. 2M
.................................................. 3M
.................................................. 4M
.................................................. 5M
............................................
[mclIO] writing <out/merged.mci>
.......................................
[mclIO] wrote native interchange 402844x402844 matrix with 8622102 entries to stream <out/merged.mci>
[mclIO] wrote 402844 tab entries to stream <out/merged_mcxload.tab>
[mcxload] tab has 402844 entries
[mclIO] reading <out/merged.mci>
.......................................
[mclIO] read native interchange 402844x402844 matrix with 8622102 entries
[mcl] pid 181505
 ite -------------------  chaos  time hom(avg,lo,hi) m-ie m-ex i-ex fmv
  1  ................... 113.56  9.45 1.19/0.00/8.78 5.03 4.46 4.46   0
  2  ................... 101.44 62.55 0.75/0.05/4.29 4.68 0.74 3.32  16
  3  ...................  54.64 34.76 0.79/0.03/6.84 2.84 0.44 1.48   7
  4  ...................  25.30  5.16 0.81/0.04/10.93 1.65 0.63 0.94   0
  5  ...................  18.75  1.99 0.82/0.05/6.26 1.24 0.68 0.64   0
  6  ...................   9.99  1.03 0.83/0.10/5.18 1.10 0.71 0.45   0
  7  ...................  11.22  0.65 0.84/0.13/3.40 1.03 0.76 0.34   0
  8  ...................   6.29  0.49 0.86/0.20/1.78 1.01 0.79 0.27   0
  9  ...................   5.27  0.39 0.89/0.21/1.87 1.01 0.80 0.21   0
 10  ...................   5.41  0.33 0.92/0.24/1.25 1.00 0.80 0.17   0
 11  ...................   4.39  0.27 0.94/0.18/1.26 1.00 0.82 0.14   0
 12  ...................   4.38  0.23 0.97/0.18/1.21 1.00 0.84 0.12   0
 13  ...................   3.51  0.22 0.98/0.24/1.03 1.00 0.88 0.10   0
 14  ...................   4.05  0.21 0.99/0.21/1.00 1.00 0.91 0.09   0
 15  ...................   3.67  0.20 0.99/0.30/1.00 1.00 0.94 0.09   0
 16  ...................   3.66  0.19 1.00/0.39/1.00 1.00 0.96 0.09   0
 17  ...................   2.48  0.18 1.00/0.33/1.00 1.00 0.98 0.08   0
 18  ...................   2.68  0.18 1.00/0.34/1.00 1.00 0.99 0.08   0
 19  ...................   2.45  0.19 1.00/0.42/1.00 1.00 0.99 0.08   0
 20  ...................   0.46  0.18 1.00/0.66/1.00 1.00 1.00 0.08   0
 21  ...................   0.25  0.17 1.00/0.76/1.00 1.00 1.00 0.08   0
 22  ...................   0.41  0.18 1.00/0.71/1.00 1.00 1.00 0.08   0
 23  ...................   0.49  0.18 1.00/0.64/1.00 1.00 1.00 0.08   0
 24  ...................   0.25  0.18 1.00/0.76/1.00 1.00 1.00 0.08   0
 25  ...................   0.17  0.18 1.00/0.83/1.00 1.00 1.00 0.08   0
 26  ...................   0.05  0.17 1.00/0.94/1.00 1.00 1.00 0.08   0
 27  ...................   0.00  0.18 1.00/0.99/1.00 1.00 1.00 0.08   0
 28  ...................   0.00  0.18 1.00/1.00/1.00 1.00 1.00 0.08   0
[mcl] jury pruning marks: <98,97,99>, out of 100
[mcl] jury pruning synopsis: <97.9 or superb> (cf -scheme, -do log)
[mcl] output is in out/merged_mcl20.clusters
[mcl] 36761 clusters found
[mcl] output is in out/merged_mcl20.clusters

Please cite:
    Stijn van Dongen, Graph Clustering by Flow Simulation.  PhD thesis,
    University of Utrecht, May 2000.
       (  http://www.library.uu.nl/digiarchief/dip/diss/1895620/full.pdf
       or  http://micans.org/mcl/lit/svdthesis.pdf.gz)
OR
    Stijn van Dongen, A cluster algorithm for graphs. Technical
    Report INS-R0010, National Research Institute for Mathematics
    and Computer Science in the Netherlands, Amsterdam, May 2000.
       (  http://www.cwi.nl/ftp/CWIreports/INS/INS-R0010.ps.Z
       or  http://micans.org/mcl/lit/INS-R0010.ps.Z)

/home/jyshang2/anaconda3/lib/python3.7/site-packages/Bio/Seq.py:2338: BiopythonWarning: Partial codon, len(sequence) not a multiple of three. Explicitly trim the sequence or add trailing N before translation. This may become an error in future.
  BiopythonWarning,
run_KnowledgeGraph.py:385: RuntimeWarning: divide by zero encountered in log10
  sig = min(max_sig, np.nan_to_num(-np.log10(pval) - logT))
folder out/ exist... cleaning dictionary
folder single_contig/ exist... cleaning dictionary
folder all_proteins/ exist... cleaning dictionary


---------------------------------Diamond BLASTp---------------------------------
Creating Diamond database and running Diamond...
Creating Diamond database...
Running Diamond...


-------------------------------Protein clustering-------------------------------
Loading proteins...
Running MCL...
Building the cluster and profiles (this may take some time...)
Using MCL to generate PCs.
Saving files
Read 24380 entries from out/pcs_contigs.csv
Read 388549 entries (dropped 2409 singletons) from out/Cyber_profiles.csv
.......... 0.10% 10000/10327699.0
.......... 0.19% 20000/10327699.0
.......... 0.29% 30000/10327699.0
.......... 0.39% 40000/10327699.0
.......... 0.48% 50000/10327699.0
.......... 0.58% 60000/10327699.0
.......... 0.68% 70000/10327699.0
.......... 0.77% 80000/10327699.0
.......... 0.87% 90000/10327699.0
.......... 0.97% 100000/10327699.0
.......... 1.07% 110000/10327699.0
.......... 1.16% 120000/10327699.0
.......... 1.26% 130000/10327699.0
.......... 1.36% 140000/10327699.0
.......... 1.45% 150000/10327699.0
.......... 1.55% 160000/10327699.0
.......... 1.65% 170000/10327699.0
.......... 1.74% 180000/10327699.0
.......... 1.84% 190000/10327699.0
.......... 1.94% 200000/10327699.0
.......... 2.03% 210000/10327699.0
.......... 2.13% 220000/10327699.0
.......... 2.23% 230000/10327699.0
.......... 2.32% 240000/10327699.0
.......... 2.42% 250000/10327699.0
.......... 2.52% 260000/10327699.0
.......... 2.61% 270000/10327699.0
.......... 2.71% 280000/10327699.0
.......... 2.81% 290000/10327699.0
.......... 2.90% 300000/10327699.0
.......... 3.00% 310000/10327699.0
.......... 3.10% 320000/10327699.0
.......... 3.20% 330000/10327699.0
.......... 3.29% 340000/10327699.0
.......... 3.39% 350000/10327699.0
.......... 3.49% 360000/10327699.0
.......... 3.58% 370000/10327699.0
.......... 3.68% 380000/10327699.0
.......... 3.78% 390000/10327699.0
.......... 3.87% 400000/10327699.0
.......... 3.97% 410000/10327699.0
.......... 4.07% 420000/10327699.0
.......... 4.16% 430000/10327699.0
.......... 4.26% 440000/10327699.0
.......... 4.36% 450000/10327699.0
.......... 4.45% 460000/10327699.0
.......... 4.55% 470000/10327699.0
.......... 4.65% 480000/10327699.0
.......... 4.74% 490000/10327699.0
.......... 4.84% 500000/10327699.0
.......... 4.94% 510000/10327699.0
.......... 5.04% 520000/10327699.0
.......... 5.13% 530000/10327699.0
.......... 5.23% 540000/10327699.0
.......... 5.33% 550000/10327699.0
.......... 5.42% 560000/10327699.0
.......... 5.52% 570000/10327699.0
.......... 5.62% 580000/10327699.0
.......... 5.71% 590000/10327699.0
.......... 5.81% 600000/10327699.0
.......... 5.91% 610000/10327699.0
.......... 6.00% 620000/10327699.0
.......... 6.10% 630000/10327699.0
.......... 6.20% 640000/10327699.0
.......... 6.29% 650000/10327699.0
.......... 6.39% 660000/10327699.0
.......... 6.49% 670000/10327699.0
.......... 6.58% 680000/10327699.0
.......... 6.68% 690000/10327699.0
.......... 6.78% 700000/10327699.0
.......... 6.87% 710000/10327699.0
.......... 6.97% 720000/10327699.0
.......... 7.07% 730000/10327699.0
.......... 7.17% 740000/10327699.0
.......... 7.26% 750000/10327699.0
.......... 7.36% 760000/10327699.0
.......... 7.46% 770000/10327699.0
.......... 7.55% 780000/10327699.0
.......... 7.65% 790000/10327699.0
.......... 7.75% 800000/10327699.0
.......... 7.84% 810000/10327699.0
.......... 7.94% 820000/10327699.0
.......... 8.04% 830000/10327699.0
.......... 8.13% 840000/10327699.0
.......... 8.23% 850000/10327699.0
.......... 8.33% 860000/10327699.0
.......... 8.42% 870000/10327699.0
.......... 8.52% 880000/10327699.0
.......... 8.62% 890000/10327699.0
.......... 8.71% 900000/10327699.0
.......... 8.81% 910000/10327699.0
.......... 8.91% 920000/10327699.0
.......... 9.00% 930000/10327699.0
.......... 9.10% 940000/10327699.0
.......... 9.20% 950000/10327699.0
.......... 9.30% 960000/10327699.0
.......... 9.39% 970000/10327699.0
.......... 9.49% 980000/10327699.0
.......... 9.59% 990000/10327699.0
.......... 9.68% 1000000/10327699.0
.......... 9.78% 1010000/10327699.0
.......... 9.88% 1020000/10327699.0
.......... 9.97% 1030000/10327699.0
..........10.07% 1040000/10327699.0
..........10.17% 1050000/10327699.0
..........10.26% 1060000/10327699.0
..........10.36% 1070000/10327699.0
..........10.46% 1080000/10327699.0
..........10.55% 1090000/10327699.0
..........10.65% 1100000/10327699.0
..........10.75% 1110000/10327699.0
..........10.84% 1120000/10327699.0
..........10.94% 1130000/10327699.0
..........11.04% 1140000/10327699.0
..........11.14% 1150000/10327699.0
..........11.23% 1160000/10327699.0
..........11.33% 1170000/10327699.0
..........11.43% 1180000/10327699.0
..........11.52% 1190000/10327699.0
..........11.62% 1200000/10327699.0
..........11.72% 1210000/10327699.0
..........11.81% 1220000/10327699.0
..........11.91% 1230000/10327699.0
..........12.01% 1240000/10327699.0
..........12.10% 1250000/10327699.0
..........12.20% 1260000/10327699.0
..........12.30% 1270000/10327699.0
..........12.39% 1280000/10327699.0
..........12.49% 1290000/10327699.0
..........12.59% 1300000/10327699.0
..........12.68% 1310000/10327699.0
..........12.78% 1320000/10327699.0
..........12.88% 1330000/10327699.0
..........12.97% 1340000/10327699.0
..........13.07% 1350000/10327699.0
..........13.17% 1360000/10327699.0
..........13.27% 1370000/10327699.0
..........13.36% 1380000/10327699.0
..........13.46% 1390000/10327699.0
..........13.56% 1400000/10327699.0
..........13.65% 1410000/10327699.0
..........13.75% 1420000/10327699.0
..........13.85% 1430000/10327699.0
..........13.94% 1440000/10327699.0
..........14.04% 1450000/10327699.0
..........14.14% 1460000/10327699.0
..........14.23% 1470000/10327699.0
..........14.33% 1480000/10327699.0
..........14.43% 1490000/10327699.0
..........14.52% 1500000/10327699.0
..........14.62% 1510000/10327699.0
..........14.72% 1520000/10327699.0
..........14.81% 1530000/10327699.0
..........14.91% 1540000/10327699.0
..........15.01% 1550000/10327699.0
..........15.11% 1560000/10327699.0
..........15.20% 1570000/10327699.0
..........15.30% 1580000/10327699.0
..........15.40% 1590000/10327699.0
..........15.49% 1600000/10327699.0
..........15.59% 1610000/10327699.0
..........15.69% 1620000/10327699.0
..........15.78% 1630000/10327699.0
..........15.88% 1640000/10327699.0
..........15.98% 1650000/10327699.0
..........16.07% 1660000/10327699.0
..........16.17% 1670000/10327699.0
..........16.27% 1680000/10327699.0
..........16.36% 1690000/10327699.0
..........16.46% 1700000/10327699.0
..........16.56% 1710000/10327699.0
..........16.65% 1720000/10327699.0
..........16.75% 1730000/10327699.0
..........16.85% 1740000/10327699.0
..........16.94% 1750000/10327699.0
..........17.04% 1760000/10327699.0
..........17.14% 1770000/10327699.0
..........17.24% 1780000/10327699.0
..........17.33% 1790000/10327699.0
..........17.43% 1800000/10327699.0
..........17.53% 1810000/10327699.0
..........17.62% 1820000/10327699.0
..........17.72% 1830000/10327699.0
..........17.82% 1840000/10327699.0
..........17.91% 1850000/10327699.0
..........18.01% 1860000/10327699.0
..........18.11% 1870000/10327699.0
..........18.20% 1880000/10327699.0
..........18.30% 1890000/10327699.0
..........18.40% 1900000/10327699.0
..........18.49% 1910000/10327699.0
..........18.59% 1920000/10327699.0
..........18.69% 1930000/10327699.0
..........18.78% 1940000/10327699.0
..........18.88% 1950000/10327699.0
..........18.98% 1960000/10327699.0
..........19.07% 1970000/10327699.0
..........19.17% 1980000/10327699.0
..........19.27% 1990000/10327699.0
..........19.37% 2000000/10327699.0
..........19.46% 2010000/10327699.0
..........19.56% 2020000/10327699.0
..........19.66% 2030000/10327699.0
..........19.75% 2040000/10327699.0
..........19.85% 2050000/10327699.0
..........19.95% 2060000/10327699.0
..........20.04% 2070000/10327699.0
..........20.14% 2080000/10327699.0
..........20.24% 2090000/10327699.0
..........20.33% 2100000/10327699.0
..........20.43% 2110000/10327699.0
..........20.53% 2120000/10327699.0
..........20.62% 2130000/10327699.0
..........20.72% 2140000/10327699.0
..........20.82% 2150000/10327699.0
..........20.91% 2160000/10327699.0
..........21.01% 2170000/10327699.0
..........21.11% 2180000/10327699.0
..........21.21% 2190000/10327699.0
..........21.30% 2200000/10327699.0
..........21.40% 2210000/10327699.0
..........21.50% 2220000/10327699.0
..........21.59% 2230000/10327699.0
..........21.69% 2240000/10327699.0
..........21.79% 2250000/10327699.0
..........21.88% 2260000/10327699.0
..........21.98% 2270000/10327699.0
..........22.08% 2280000/10327699.0
..........22.17% 2290000/10327699.0
..........22.27% 2300000/10327699.0
..........22.37% 2310000/10327699.0
..........22.46% 2320000/10327699.0
..........22.56% 2330000/10327699.0
..........22.66% 2340000/10327699.0
..........22.75% 2350000/10327699.0
..........22.85% 2360000/10327699.0
..........22.95% 2370000/10327699.0
..........23.04% 2380000/10327699.0
..........23.14% 2390000/10327699.0
..........23.24% 2400000/10327699.0
..........23.34% 2410000/10327699.0
..........23.43% 2420000/10327699.0
..........23.53% 2430000/10327699.0
..........23.63% 2440000/10327699.0
..........23.72% 2450000/10327699.0
..........23.82% 2460000/10327699.0
..........23.92% 2470000/10327699.0
..........24.01% 2480000/10327699.0
..........24.11% 2490000/10327699.0
..........24.21% 2500000/10327699.0
..........24.30% 2510000/10327699.0
..........24.40% 2520000/10327699.0
..........24.50% 2530000/10327699.0
..........24.59% 2540000/10327699.0
..........24.69% 2550000/10327699.0
..........24.79% 2560000/10327699.0
..........24.88% 2570000/10327699.0
..........24.98% 2580000/10327699.0
..........25.08% 2590000/10327699.0
..........25.18% 2600000/10327699.0
..........25.27% 2610000/10327699.0
..........25.37% 2620000/10327699.0
..........25.47% 2630000/10327699.0
..........25.56% 2640000/10327699.0
..........25.66% 2650000/10327699.0
..........25.76% 2660000/10327699.0
..........25.85% 2670000/10327699.0
..........25.95% 2680000/10327699.0
..........26.05% 2690000/10327699.0
..........26.14% 2700000/10327699.0
..........26.24% 2710000/10327699.0
..........26.34% 2720000/10327699.0
..........26.43% 2730000/10327699.0
..........26.53% 2740000/10327699.0
..........26.63% 2750000/10327699.0
..........26.72% 2760000/10327699.0
..........26.82% 2770000/10327699.0
..........26.92% 2780000/10327699.0
..........27.01% 2790000/10327699.0
..........27.11% 2800000/10327699.0
..........27.21% 2810000/10327699.0
..........27.31% 2820000/10327699.0
..........27.40% 2830000/10327699.0
..........27.50% 2840000/10327699.0
..........27.60% 2850000/10327699.0
..........27.69% 2860000/10327699.0
..........27.79% 2870000/10327699.0
..........27.89% 2880000/10327699.0
..........27.98% 2890000/10327699.0
..........28.08% 2900000/10327699.0
..........28.18% 2910000/10327699.0
..........28.27% 2920000/10327699.0
..........28.37% 2930000/10327699.0
..........28.47% 2940000/10327699.0
..........28.56% 2950000/10327699.0
..........28.66% 2960000/10327699.0
..........28.76% 2970000/10327699.0
..........28.85% 2980000/10327699.0
..........28.95% 2990000/10327699.0
..........29.05% 3000000/10327699.0
..........29.14% 3010000/10327699.0
..........29.24% 3020000/10327699.0
..........29.34% 3030000/10327699.0
..........29.44% 3040000/10327699.0
..........29.53% 3050000/10327699.0
..........29.63% 3060000/10327699.0
..........29.73% 3070000/10327699.0
..........29.82% 3080000/10327699.0
..........29.92% 3090000/10327699.0
..........30.02% 3100000/10327699.0
..........30.11% 3110000/10327699.0
..........30.21% 3120000/10327699.0
..........30.31% 3130000/10327699.0
..........30.40% 3140000/10327699.0
..........30.50% 3150000/10327699.0
..........30.60% 3160000/10327699.0
..........30.69% 3170000/10327699.0
..........30.79% 3180000/10327699.0
..........30.89% 3190000/10327699.0
..........30.98% 3200000/10327699.0
..........31.08% 3210000/10327699.0
..........31.18% 3220000/10327699.0
..........31.28% 3230000/10327699.0
..........31.37% 3240000/10327699.0
..........31.47% 3250000/10327699.0
..........31.57% 3260000/10327699.0
..........31.66% 3270000/10327699.0
..........31.76% 3280000/10327699.0
..........31.86% 3290000/10327699.0
..........31.95% 3300000/10327699.0
..........32.05% 3310000/10327699.0
..........32.15% 3320000/10327699.0
..........32.24% 3330000/10327699.0
..........32.34% 3340000/10327699.0
..........32.44% 3350000/10327699.0
..........32.53% 3360000/10327699.0
..........32.63% 3370000/10327699.0
..........32.73% 3380000/10327699.0
..........32.82% 3390000/10327699.0
..........32.92% 3400000/10327699.0
..........33.02% 3410000/10327699.0
..........33.11% 3420000/10327699.0
..........33.21% 3430000/10327699.0
..........33.31% 3440000/10327699.0
..........33.41% 3450000/10327699.0
..........33.50% 3460000/10327699.0
..........33.60% 3470000/10327699.0
..........33.70% 3480000/10327699.0
..........33.79% 3490000/10327699.0
..........33.89% 3500000/10327699.0
..........33.99% 3510000/10327699.0
..........34.08% 3520000/10327699.0
..........34.18% 3530000/10327699.0
..........34.28% 3540000/10327699.0
..........34.37% 3550000/10327699.0
..........34.47% 3560000/10327699.0
..........34.57% 3570000/10327699.0
..........34.66% 3580000/10327699.0
..........34.76% 3590000/10327699.0
..........34.86% 3600000/10327699.0
..........34.95% 3610000/10327699.0
..........35.05% 3620000/10327699.0
..........35.15% 3630000/10327699.0
..........35.25% 3640000/10327699.0
..........35.34% 3650000/10327699.0
..........35.44% 3660000/10327699.0
..........35.54% 3670000/10327699.0
..........35.63% 3680000/10327699.0
..........35.73% 3690000/10327699.0
..........35.83% 3700000/10327699.0
..........35.92% 3710000/10327699.0
..........36.02% 3720000/10327699.0
..........36.12% 3730000/10327699.0
..........36.21% 3740000/10327699.0
..........36.31% 3750000/10327699.0
..........36.41% 3760000/10327699.0
..........36.50% 3770000/10327699.0
..........36.60% 3780000/10327699.0
..........36.70% 3790000/10327699.0
..........36.79% 3800000/10327699.0
..........36.89% 3810000/10327699.0
..........36.99% 3820000/10327699.0
..........37.08% 3830000/10327699.0
..........37.18% 3840000/10327699.0
..........37.28% 3850000/10327699.0
..........37.38% 3860000/10327699.0
..........37.47% 3870000/10327699.0
..........37.57% 3880000/10327699.0
..........37.67% 3890000/10327699.0
..........37.76% 3900000/10327699.0
..........37.86% 3910000/10327699.0
..........37.96% 3920000/10327699.0
..........38.05% 3930000/10327699.0
..........38.15% 3940000/10327699.0
..........38.25% 3950000/10327699.0
..........38.34% 3960000/10327699.0
..........38.44% 3970000/10327699.0
..........38.54% 3980000/10327699.0
..........38.63% 3990000/10327699.0
..........38.73% 4000000/10327699.0
..........38.83% 4010000/10327699.0
..........38.92% 4020000/10327699.0
..........39.02% 4030000/10327699.0
..........39.12% 4040000/10327699.0
..........39.21% 4050000/10327699.0
..........39.31% 4060000/10327699.0
..........39.41% 4070000/10327699.0
..........39.51% 4080000/10327699.0
..........39.60% 4090000/10327699.0
..........39.70% 4100000/10327699.0
..........39.80% 4110000/10327699.0
..........39.89% 4120000/10327699.0
..........39.99% 4130000/10327699.0
..........40.09% 4140000/10327699.0
..........40.18% 4150000/10327699.0
..........40.28% 4160000/10327699.0
..........40.38% 4170000/10327699.0
..........40.47% 4180000/10327699.0
..........40.57% 4190000/10327699.0
..........40.67% 4200000/10327699.0
..........40.76% 4210000/10327699.0
..........40.86% 4220000/10327699.0
..........40.96% 4230000/10327699.0
..........41.05% 4240000/10327699.0
..........41.15% 4250000/10327699.0
..........41.25% 4260000/10327699.0
..........41.35% 4270000/10327699.0
..........41.44% 4280000/10327699.0
..........41.54% 4290000/10327699.0
..........41.64% 4300000/10327699.0
..........41.73% 4310000/10327699.0
..........41.83% 4320000/10327699.0
..........41.93% 4330000/10327699.0
..........42.02% 4340000/10327699.0
..........42.12% 4350000/10327699.0
..........42.22% 4360000/10327699.0
..........42.31% 4370000/10327699.0
..........42.41% 4380000/10327699.0
..........42.51% 4390000/10327699.0
..........42.60% 4400000/10327699.0
..........42.70% 4410000/10327699.0
..........42.80% 4420000/10327699.0
..........42.89% 4430000/10327699.0
..........42.99% 4440000/10327699.0
..........43.09% 4450000/10327699.0
..........43.18% 4460000/10327699.0
..........43.28% 4470000/10327699.0
..........43.38% 4480000/10327699.0
..........43.48% 4490000/10327699.0
..........43.57% 4500000/10327699.0
..........43.67% 4510000/10327699.0
..........43.77% 4520000/10327699.0
..........43.86% 4530000/10327699.0
..........43.96% 4540000/10327699.0
..........44.06% 4550000/10327699.0
..........44.15% 4560000/10327699.0
..........44.25% 4570000/10327699.0
..........44.35% 4580000/10327699.0
..........44.44% 4590000/10327699.0
..........44.54% 4600000/10327699.0
..........44.64% 4610000/10327699.0
..........44.73% 4620000/10327699.0
..........44.83% 4630000/10327699.0
..........44.93% 4640000/10327699.0
..........45.02% 4650000/10327699.0
..........45.12% 4660000/10327699.0
..........45.22% 4670000/10327699.0
..........45.32% 4680000/10327699.0
..........45.41% 4690000/10327699.0
..........45.51% 4700000/10327699.0
..........45.61% 4710000/10327699.0
..........45.70% 4720000/10327699.0
..........45.80% 4730000/10327699.0
..........45.90% 4740000/10327699.0
..........45.99% 4750000/10327699.0
..........46.09% 4760000/10327699.0
..........46.19% 4770000/10327699.0
..........46.28% 4780000/10327699.0
..........46.38% 4790000/10327699.0
..........46.48% 4800000/10327699.0
..........46.57% 4810000/10327699.0
..........46.67% 4820000/10327699.0
..........46.77% 4830000/10327699.0
..........46.86% 4840000/10327699.0
..........46.96% 4850000/10327699.0
..........47.06% 4860000/10327699.0
..........47.15% 4870000/10327699.0
..........47.25% 4880000/10327699.0
..........47.35% 4890000/10327699.0
..........47.45% 4900000/10327699.0
..........47.54% 4910000/10327699.0
..........47.64% 4920000/10327699.0
..........47.74% 4930000/10327699.0
..........47.83% 4940000/10327699.0
..........47.93% 4950000/10327699.0
..........48.03% 4960000/10327699.0
..........48.12% 4970000/10327699.0
..........48.22% 4980000/10327699.0
..........48.32% 4990000/10327699.0
..........48.41% 5000000/10327699.0
..........48.51% 5010000/10327699.0
..........48.61% 5020000/10327699.0
..........48.70% 5030000/10327699.0
..........48.80% 5040000/10327699.0
..........48.90% 5050000/10327699.0
..........48.99% 5060000/10327699.0
..........49.09% 5070000/10327699.0
..........49.19% 5080000/10327699.0
..........49.28% 5090000/10327699.0
..........49.38% 5100000/10327699.0
..........49.48% 5110000/10327699.0
..........49.58% 5120000/10327699.0
..........49.67% 5130000/10327699.0
..........49.77% 5140000/10327699.0
..........49.87% 5150000/10327699.0
..........49.96% 5160000/10327699.0
..........50.06% 5170000/10327699.0
..........50.16% 5180000/10327699.0
..........50.25% 5190000/10327699.0
..........50.35% 5200000/10327699.0
..........50.45% 5210000/10327699.0
..........50.54% 5220000/10327699.0
..........50.64% 5230000/10327699.0
..........50.74% 5240000/10327699.0
..........50.83% 5250000/10327699.0
..........50.93% 5260000/10327699.0
..........51.03% 5270000/10327699.0
..........51.12% 5280000/10327699.0
..........51.22% 5290000/10327699.0
..........51.32% 5300000/10327699.0
..........51.42% 5310000/10327699.0
..........51.51% 5320000/10327699.0
..........51.61% 5330000/10327699.0
..........51.71% 5340000/10327699.0
..........51.80% 5350000/10327699.0
..........51.90% 5360000/10327699.0
..........52.00% 5370000/10327699.0
..........52.09% 5380000/10327699.0
..........52.19% 5390000/10327699.0
..........52.29% 5400000/10327699.0
..........52.38% 5410000/10327699.0
..........52.48% 5420000/10327699.0
..........52.58% 5430000/10327699.0
..........52.67% 5440000/10327699.0
..........52.77% 5450000/10327699.0
..........52.87% 5460000/10327699.0
..........52.96% 5470000/10327699.0
..........53.06% 5480000/10327699.0
..........53.16% 5490000/10327699.0
..........53.25% 5500000/10327699.0
..........53.35% 5510000/10327699.0
..........53.45% 5520000/10327699.0
..........53.55% 5530000/10327699.0
..........53.64% 5540000/10327699.0
..........53.74% 5550000/10327699.0
..........53.84% 5560000/10327699.0
..........53.93% 5570000/10327699.0
..........54.03% 5580000/10327699.0
..........54.13% 5590000/10327699.0
..........54.22% 5600000/10327699.0
..........54.32% 5610000/10327699.0
..........54.42% 5620000/10327699.0
..........54.51% 5630000/10327699.0
..........54.61% 5640000/10327699.0
..........54.71% 5650000/10327699.0
..........54.80% 5660000/10327699.0
..........54.90% 5670000/10327699.0
..........55.00% 5680000/10327699.0
..........55.09% 5690000/10327699.0
..........55.19% 5700000/10327699.0
..........55.29% 5710000/10327699.0
..........55.39% 5720000/10327699.0
..........55.48% 5730000/10327699.0
..........55.58% 5740000/10327699.0
..........55.68% 5750000/10327699.0
..........55.77% 5760000/10327699.0
..........55.87% 5770000/10327699.0
..........55.97% 5780000/10327699.0
..........56.06% 5790000/10327699.0
..........56.16% 5800000/10327699.0
..........56.26% 5810000/10327699.0
..........56.35% 5820000/10327699.0
..........56.45% 5830000/10327699.0
..........56.55% 5840000/10327699.0
..........56.64% 5850000/10327699.0
..........56.74% 5860000/10327699.0
..........56.84% 5870000/10327699.0
..........56.93% 5880000/10327699.0
..........57.03% 5890000/10327699.0
..........57.13% 5900000/10327699.0
..........57.22% 5910000/10327699.0
..........57.32% 5920000/10327699.0
..........57.42% 5930000/10327699.0
..........57.52% 5940000/10327699.0
..........57.61% 5950000/10327699.0
..........57.71% 5960000/10327699.0
..........57.81% 5970000/10327699.0
..........57.90% 5980000/10327699.0
..........58.00% 5990000/10327699.0
..........58.10% 6000000/10327699.0
..........58.19% 6010000/10327699.0
..........58.29% 6020000/10327699.0
..........58.39% 6030000/10327699.0
..........58.48% 6040000/10327699.0
..........58.58% 6050000/10327699.0
..........58.68% 6060000/10327699.0
..........58.77% 6070000/10327699.0
..........58.87% 6080000/10327699.0
..........58.97% 6090000/10327699.0
..........59.06% 6100000/10327699.0
..........59.16% 6110000/10327699.0
..........59.26% 6120000/10327699.0
..........59.35% 6130000/10327699.0
..........59.45% 6140000/10327699.0
..........59.55% 6150000/10327699.0
..........59.65% 6160000/10327699.0
..........59.74% 6170000/10327699.0
..........59.84% 6180000/10327699.0
..........59.94% 6190000/10327699.0
..........60.03% 6200000/10327699.0
..........60.13% 6210000/10327699.0
..........60.23% 6220000/10327699.0
..........60.32% 6230000/10327699.0
..........60.42% 6240000/10327699.0
..........60.52% 6250000/10327699.0
..........60.61% 6260000/10327699.0
..........60.71% 6270000/10327699.0
..........60.81% 6280000/10327699.0
..........60.90% 6290000/10327699.0
..........61.00% 6300000/10327699.0
..........61.10% 6310000/10327699.0
..........61.19% 6320000/10327699.0
..........61.29% 6330000/10327699.0
..........61.39% 6340000/10327699.0
..........61.49% 6350000/10327699.0
..........61.58% 6360000/10327699.0
..........61.68% 6370000/10327699.0
..........61.78% 6380000/10327699.0
..........61.87% 6390000/10327699.0
..........61.97% 6400000/10327699.0
..........62.07% 6410000/10327699.0
..........62.16% 6420000/10327699.0
..........62.26% 6430000/10327699.0
..........62.36% 6440000/10327699.0
..........62.45% 6450000/10327699.0
..........62.55% 6460000/10327699.0
..........62.65% 6470000/10327699.0
..........62.74% 6480000/10327699.0
..........62.84% 6490000/10327699.0
..........62.94% 6500000/10327699.0
..........63.03% 6510000/10327699.0
..........63.13% 6520000/10327699.0
..........63.23% 6530000/10327699.0
..........63.32% 6540000/10327699.0
..........63.42% 6550000/10327699.0
..........63.52% 6560000/10327699.0
..........63.62% 6570000/10327699.0
..........63.71% 6580000/10327699.0
..........63.81% 6590000/10327699.0
..........63.91% 6600000/10327699.0
..........64.00% 6610000/10327699.0
..........64.10% 6620000/10327699.0
..........64.20% 6630000/10327699.0
..........64.29% 6640000/10327699.0
..........64.39% 6650000/10327699.0
..........64.49% 6660000/10327699.0
..........64.58% 6670000/10327699.0
..........64.68% 6680000/10327699.0
..........64.78% 6690000/10327699.0
..........64.87% 6700000/10327699.0
..........64.97% 6710000/10327699.0
..........65.07% 6720000/10327699.0
..........65.16% 6730000/10327699.0
..........65.26% 6740000/10327699.0
..........65.36% 6750000/10327699.0
..........65.46% 6760000/10327699.0
..........65.55% 6770000/10327699.0
..........65.65% 6780000/10327699.0
..........65.75% 6790000/10327699.0
..........65.84% 6800000/10327699.0
..........65.94% 6810000/10327699.0
..........66.04% 6820000/10327699.0
..........66.13% 6830000/10327699.0
..........66.23% 6840000/10327699.0
..........66.33% 6850000/10327699.0
..........66.42% 6860000/10327699.0
..........66.52% 6870000/10327699.0
..........66.62% 6880000/10327699.0
..........66.71% 6890000/10327699.0
..........66.81% 6900000/10327699.0
..........66.91% 6910000/10327699.0
..........67.00% 6920000/10327699.0
..........67.10% 6930000/10327699.0
..........67.20% 6940000/10327699.0
..........67.29% 6950000/10327699.0
..........67.39% 6960000/10327699.0
..........67.49% 6970000/10327699.0
..........67.59% 6980000/10327699.0
..........67.68% 6990000/10327699.0
..........67.78% 7000000/10327699.0
..........67.88% 7010000/10327699.0
..........67.97% 7020000/10327699.0
..........68.07% 7030000/10327699.0
..........68.17% 7040000/10327699.0
..........68.26% 7050000/10327699.0
..........68.36% 7060000/10327699.0
..........68.46% 7070000/10327699.0
..........68.55% 7080000/10327699.0
..........68.65% 7090000/10327699.0
..........68.75% 7100000/10327699.0
..........68.84% 7110000/10327699.0
..........68.94% 7120000/10327699.0
..........69.04% 7130000/10327699.0
..........69.13% 7140000/10327699.0
..........69.23% 7150000/10327699.0
..........69.33% 7160000/10327699.0
..........69.42% 7170000/10327699.0
..........69.52% 7180000/10327699.0
..........69.62% 7190000/10327699.0
..........69.72% 7200000/10327699.0
..........69.81% 7210000/10327699.0
..........69.91% 7220000/10327699.0
..........70.01% 7230000/10327699.0
..........70.10% 7240000/10327699.0
..........70.20% 7250000/10327699.0
..........70.30% 7260000/10327699.0
..........70.39% 7270000/10327699.0
..........70.49% 7280000/10327699.0
..........70.59% 7290000/10327699.0
..........70.68% 7300000/10327699.0
..........70.78% 7310000/10327699.0
..........70.88% 7320000/10327699.0
..........70.97% 7330000/10327699.0
..........71.07% 7340000/10327699.0
..........71.17% 7350000/10327699.0
..........71.26% 7360000/10327699.0
..........71.36% 7370000/10327699.0
..........71.46% 7380000/10327699.0
..........71.56% 7390000/10327699.0
..........71.65% 7400000/10327699.0
..........71.75% 7410000/10327699.0
..........71.85% 7420000/10327699.0
..........71.94% 7430000/10327699.0
..........72.04% 7440000/10327699.0
..........72.14% 7450000/10327699.0
..........72.23% 7460000/10327699.0
..........72.33% 7470000/10327699.0
..........72.43% 7480000/10327699.0
..........72.52% 7490000/10327699.0
..........72.62% 7500000/10327699.0
..........72.72% 7510000/10327699.0
..........72.81% 7520000/10327699.0
..........72.91% 7530000/10327699.0
..........73.01% 7540000/10327699.0
..........73.10% 7550000/10327699.0
..........73.20% 7560000/10327699.0
..........73.30% 7570000/10327699.0
..........73.39% 7580000/10327699.0
..........73.49% 7590000/10327699.0
..........73.59% 7600000/10327699.0
..........73.69% 7610000/10327699.0
..........73.78% 7620000/10327699.0
..........73.88% 7630000/10327699.0
..........73.98% 7640000/10327699.0
..........74.07% 7650000/10327699.0
..........74.17% 7660000/10327699.0
..........74.27% 7670000/10327699.0
..........74.36% 7680000/10327699.0
..........74.46% 7690000/10327699.0
..........74.56% 7700000/10327699.0
..........74.65% 7710000/10327699.0
..........74.75% 7720000/10327699.0
..........74.85% 7730000/10327699.0
..........74.94% 7740000/10327699.0
..........75.04% 7750000/10327699.0
..........75.14% 7760000/10327699.0
..........75.23% 7770000/10327699.0
..........75.33% 7780000/10327699.0
..........75.43% 7790000/10327699.0
..........75.53% 7800000/10327699.0
..........75.62% 7810000/10327699.0
..........75.72% 7820000/10327699.0
..........75.82% 7830000/10327699.0
..........75.91% 7840000/10327699.0
..........76.01% 7850000/10327699.0
..........76.11% 7860000/10327699.0
..........76.20% 7870000/10327699.0
..........76.30% 7880000/10327699.0
..........76.40% 7890000/10327699.0
..........76.49% 7900000/10327699.0
..........76.59% 7910000/10327699.0
..........76.69% 7920000/10327699.0
..........76.78% 7930000/10327699.0
..........76.88% 7940000/10327699.0
..........76.98% 7950000/10327699.0
..........77.07% 7960000/10327699.0
..........77.17% 7970000/10327699.0
..........77.27% 7980000/10327699.0
..........77.36% 7990000/10327699.0
..........77.46% 8000000/10327699.0
..........77.56% 8010000/10327699.0
..........77.66% 8020000/10327699.0
..........77.75% 8030000/10327699.0
..........77.85% 8040000/10327699.0
..........77.95% 8050000/10327699.0
..........78.04% 8060000/10327699.0
..........78.14% 8070000/10327699.0
..........78.24% 8080000/10327699.0
..........78.33% 8090000/10327699.0
..........78.43% 8100000/10327699.0
..........78.53% 8110000/10327699.0
..........78.62% 8120000/10327699.0
..........78.72% 8130000/10327699.0
..........78.82% 8140000/10327699.0
..........78.91% 8150000/10327699.0
..........79.01% 8160000/10327699.0
..........79.11% 8170000/10327699.0
..........79.20% 8180000/10327699.0
..........79.30% 8190000/10327699.0
..........79.40% 8200000/10327699.0
..........79.49% 8210000/10327699.0
..........79.59% 8220000/10327699.0
..........79.69% 8230000/10327699.0
..........79.79% 8240000/10327699.0
..........79.88% 8250000/10327699.0
..........79.98% 8260000/10327699.0
..........80.08% 8270000/10327699.0
..........80.17% 8280000/10327699.0
..........80.27% 8290000/10327699.0
..........80.37% 8300000/10327699.0
..........80.46% 8310000/10327699.0
..........80.56% 8320000/10327699.0
..........80.66% 8330000/10327699.0
..........80.75% 8340000/10327699.0
..........80.85% 8350000/10327699.0
..........80.95% 8360000/10327699.0
..........81.04% 8370000/10327699.0
..........81.14% 8380000/10327699.0
..........81.24% 8390000/10327699.0
..........81.33% 8400000/10327699.0
..........81.43% 8410000/10327699.0
..........81.53% 8420000/10327699.0
..........81.63% 8430000/10327699.0
..........81.72% 8440000/10327699.0
..........81.82% 8450000/10327699.0
..........81.92% 8460000/10327699.0
..........82.01% 8470000/10327699.0
..........82.11% 8480000/10327699.0
..........82.21% 8490000/10327699.0
..........82.30% 8500000/10327699.0
..........82.40% 8510000/10327699.0
..........82.50% 8520000/10327699.0
..........82.59% 8530000/10327699.0
..........82.69% 8540000/10327699.0
..........82.79% 8550000/10327699.0
..........82.88% 8560000/10327699.0
..........82.98% 8570000/10327699.0
..........83.08% 8580000/10327699.0
..........83.17% 8590000/10327699.0
..........83.27% 8600000/10327699.0
..........83.37% 8610000/10327699.0
..........83.46% 8620000/10327699.0
..........83.56% 8630000/10327699.0
..........83.66% 8640000/10327699.0
..........83.76% 8650000/10327699.0
..........83.85% 8660000/10327699.0
..........83.95% 8670000/10327699.0
..........84.05% 8680000/10327699.0
..........84.14% 8690000/10327699.0
..........84.24% 8700000/10327699.0
..........84.34% 8710000/10327699.0
..........84.43% 8720000/10327699.0
..........84.53% 8730000/10327699.0
..........84.63% 8740000/10327699.0
..........84.72% 8750000/10327699.0
..........84.82% 8760000/10327699.0
..........84.92% 8770000/10327699.0
..........85.01% 8780000/10327699.0
..........85.11% 8790000/10327699.0
..........85.21% 8800000/10327699.0
..........85.30% 8810000/10327699.0
..........85.40% 8820000/10327699.0
..........85.50% 8830000/10327699.0
..........85.60% 8840000/10327699.0
..........85.69% 8850000/10327699.0
..........85.79% 8860000/10327699.0
..........85.89% 8870000/10327699.0
..........85.98% 8880000/10327699.0
..........86.08% 8890000/10327699.0
..........86.18% 8900000/10327699.0
..........86.27% 8910000/10327699.0
..........86.37% 8920000/10327699.0
..........86.47% 8930000/10327699.0
..........86.56% 8940000/10327699.0
..........86.66% 8950000/10327699.0
..........86.76% 8960000/10327699.0
..........86.85% 8970000/10327699.0
..........86.95% 8980000/10327699.0
..........87.05% 8990000/10327699.0
..........87.14% 9000000/10327699.0
..........87.24% 9010000/10327699.0
..........87.34% 9020000/10327699.0
..........87.43% 9030000/10327699.0
..........87.53% 9040000/10327699.0
..........87.63% 9050000/10327699.0
..........87.73% 9060000/10327699.0
..........87.82% 9070000/10327699.0
..........87.92% 9080000/10327699.0
..........88.02% 9090000/10327699.0
..........88.11% 9100000/10327699.0
..........88.21% 9110000/10327699.0
..........88.31% 9120000/10327699.0
..........88.40% 9130000/10327699.0
..........88.50% 9140000/10327699.0
..........88.60% 9150000/10327699.0
..........88.69% 9160000/10327699.0
..........88.79% 9170000/10327699.0
..........88.89% 9180000/10327699.0
..........88.98% 9190000/10327699.0
..........89.08% 9200000/10327699.0
..........89.18% 9210000/10327699.0
..........89.27% 9220000/10327699.0
..........89.37% 9230000/10327699.0
..........89.47% 9240000/10327699.0
..........89.56% 9250000/10327699.0
..........89.66% 9260000/10327699.0
..........89.76% 9270000/10327699.0
..........89.86% 9280000/10327699.0
..........89.95% 9290000/10327699.0
..........90.05% 9300000/10327699.0
..........90.15% 9310000/10327699.0
..........90.24% 9320000/10327699.0
..........90.34% 9330000/10327699.0
..........90.44% 9340000/10327699.0
..........90.53% 9350000/10327699.0
..........90.63% 9360000/10327699.0
..........90.73% 9370000/10327699.0
..........90.82% 9380000/10327699.0
..........90.92% 9390000/10327699.0
..........91.02% 9400000/10327699.0
..........91.11% 9410000/10327699.0
..........91.21% 9420000/10327699.0
..........91.31% 9430000/10327699.0
..........91.40% 9440000/10327699.0
..........91.50% 9450000/10327699.0
..........91.60% 9460000/10327699.0
..........91.70% 9470000/10327699.0
..........91.79% 9480000/10327699.0
..........91.89% 9490000/10327699.0
..........91.99% 9500000/10327699.0
..........92.08% 9510000/10327699.0
..........92.18% 9520000/10327699.0
..........92.28% 9530000/10327699.0
..........92.37% 9540000/10327699.0
..........92.47% 9550000/10327699.0
..........92.57% 9560000/10327699.0
..........92.66% 9570000/10327699.0
..........92.76% 9580000/10327699.0
..........92.86% 9590000/10327699.0
..........92.95% 9600000/10327699.0
..........93.05% 9610000/10327699.0
..........93.15% 9620000/10327699.0
..........93.24% 9630000/10327699.0
..........93.34% 9640000/10327699.0
..........93.44% 9650000/10327699.0
..........93.53% 9660000/10327699.0
..........93.63% 9670000/10327699.0
..........93.73% 9680000/10327699.0
..........93.83% 9690000/10327699.0
..........93.92% 9700000/10327699.0
..........94.02% 9710000/10327699.0
..........94.12% 9720000/10327699.0
..........94.21% 9730000/10327699.0
..........94.31% 9740000/10327699.0
..........94.41% 9750000/10327699.0
..........94.50% 9760000/10327699.0
..........94.60% 9770000/10327699.0
..........94.70% 9780000/10327699.0
..........94.79% 9790000/10327699.0
..........94.89% 9800000/10327699.0
..........94.99% 9810000/10327699.0
..........95.08% 9820000/10327699.0
..........95.18% 9830000/10327699.0
..........95.28% 9840000/10327699.0
..........95.37% 9850000/10327699.0
..........95.47% 9860000/10327699.0
..........95.57% 9870000/10327699.0
..........95.67% 9880000/10327699.0
..........95.76% 9890000/10327699.0
..........95.86% 9900000/10327699.0
..........95.96% 9910000/10327699.0
..........96.05% 9920000/10327699.0
..........96.15% 9930000/10327699.0
..........96.25% 9940000/10327699.0
..........96.34% 9950000/10327699.0
..........96.44% 9960000/10327699.0
..........96.54% 9970000/10327699.0
..........96.63% 9980000/10327699.0
..........96.73% 9990000/10327699.0
..........96.83% 10000000/10327699.0
..........96.92% 10010000/10327699.0
..........97.02% 10020000/10327699.0
..........97.12% 10030000/10327699.0
..........97.21% 10040000/10327699.0
..........97.31% 10050000/10327699.0
..........97.41% 10060000/10327699.0
..........97.50% 10070000/10327699.0
..........97.60% 10080000/10327699.0
..........97.70% 10090000/10327699.0
..........97.80% 10100000/10327699.0
..........97.89% 10110000/10327699.0
..........97.99% 10120000/10327699.0
..........98.09% 10130000/10327699.0
..........98.18% 10140000/10327699.0
..........98.28% 10150000/10327699.0
..........98.38% 10160000/10327699.0
..........98.47% 10170000/10327699.0
..........98.57% 10180000/10327699.0
..........98.67% 10190000/10327699.0
..........98.76% 10200000/10327699.0
..........98.86% 10210000/10327699.0
..........98.96% 10220000/10327699.0
..........99.05% 10230000/10327699.0
..........99.15% 10240000/10327699.0
..........99.25% 10250000/10327699.0
..........99.34% 10260000/10327699.0
..........99.44% 10270000/10327699.0
..........99.54% 10280000/10327699.0
..........99.63% 10290000/10327699.0
..........99.73% 10300000/10327699.0
...Hypergeometric contig-similarity network:
      24380 contigs,
     735102 edges (min:1.0max: 3e+02, threshold was 1)
Saving network in file out/network.ntw (735102 lines).


------------------------------Calculating E-edges-------------------------------


------------------------------Calculating P-edges-------------------------------


---------------------------Generating Knowledge graph---------------------------
Pseudoalteromonas~phage~PH1
Colwellia~phage~9A
Verrucomicrobia~phage~P8625
Abalone~shriveling~syndrome-associated~virus
Salmonella~phage~astrithr
Acinetobacter~phage~vB_AbaM_ME3
Pseudomonas~phage~PaP2
Myxococcus~phage~Mx8
Bdellovibrio~phage~phi1402
Tetrasphaera~phage~TJE1
Namespace(dataset='cora', dropout=0, epochs=200, hidden=64, learning_rate=0.01, max_degree=3, model='gcn', weight_decay=0.0005)
Running with cpu
adj: (24326, 24326)
features: (24316, 512)
y: (24326,) (24326,)
mask: (24326,) (24326,)
x : tensor(indices=tensor([[    0,     0,     0,  ..., 24315, 24315, 24315],
                       [  466,   463,   447,  ...,   158,    34,    32]]),
       values=tensor([0.0045, 0.0506, 0.0258,  ..., 0.0517, 0.0090, 0.0719]),
       size=(24316, 512), nnz=473576, layout=torch.sparse_coo)
sp: tensor(indices=tensor([[    0,     1,     2,  ...,   334,   342, 24325],
                       [    0,     0,     0,  ..., 24325, 24325, 24325]]),
       values=tensor([0.2000, 0.2582, 0.1026,  ..., 0.0202, 0.0227, 0.2000]),
       size=(24326, 24326), nnz=806856, layout=torch.sparse_coo)
input dim: 512
output dim: 8
num_features_nonzero: 473576
Traceback (most recent call last):
  File "run_GCN.py", line 116, in <module>
    out = net((feature, support))
  File "/home/jyshang2/anaconda3/lib/python3.7/site-packages/torch/nn/modules/module.py", line 727, in _call_impl
    result = self.forward(*input, **kwargs)
  File "/home/jyshang2/CyberCherry/model.py", line 40, in forward
    x = self.layers((x, support))
  File "/home/jyshang2/anaconda3/lib/python3.7/site-packages/torch/nn/modules/module.py", line 727, in _call_impl
    result = self.forward(*input, **kwargs)
  File "/home/jyshang2/anaconda3/lib/python3.7/site-packages/torch/nn/modules/container.py", line 117, in forward
    input = module(input)
  File "/home/jyshang2/anaconda3/lib/python3.7/site-packages/torch/nn/modules/module.py", line 727, in _call_impl
    result = self.forward(*input, **kwargs)
  File "/home/jyshang2/CyberCherry/layer.py", line 50, in forward
    out = torch.sparse.mm(support, xw)
  File "/home/jyshang2/anaconda3/lib/python3.7/site-packages/torch/sparse/__init__.py", line 84, in mm
    return torch._sparse_mm(mat1, mat2)
RuntimeError: addmm: Argument #3 (dense): Expected dim 0 size 24326, got 24316
